{"/Users/jennifertran/Code/OSS/covidcanidoit/src/components/AdminActivityTable.vue": {"path":"/Users/jennifertran/Code/OSS/covidcanidoit/src/components/AdminActivityTable.vue","statementMap":{"0":{"start":{"line":72,"column":0},"end":{"line":72,"column":null}},"1":{"start":{"line":73,"column":0},"end":{"line":73,"column":null}},"2":{"start":{"line":81,"column":0},"end":{"line":81,"column":null}},"3":{"start":{"line":144,"column":0},"end":{"line":144,"column":null}},"4":{"start":{"line":149,"column":0},"end":{"line":149,"column":null}},"5":{"start":{"line":150,"column":0},"end":{"line":150,"column":null}},"6":{"start":{"line":153,"column":0},"end":{"line":153,"column":null}},"7":{"start":{"line":158,"column":0},"end":{"line":158,"column":null}},"8":{"start":{"line":159,"column":0},"end":{"line":187,"column":null}},"9":{"start":{"line":160,"column":0},"end":{"line":160,"column":null}},"10":{"start":{"line":162,"column":0},"end":{"line":162,"column":null}},"11":{"start":{"line":163,"column":0},"end":{"line":163,"column":null}},"12":{"start":{"line":164,"column":0},"end":{"line":164,"column":null}},"13":{"start":{"line":165,"column":0},"end":{"line":165,"column":null}},"14":{"start":{"line":171,"column":0},"end":{"line":171,"column":null}},"15":{"start":{"line":177,"column":0},"end":{"line":177,"column":null}},"16":{"start":{"line":183,"column":0},"end":{"line":183,"column":null}},"17":{"start":{"line":190,"column":0},"end":{"line":190,"column":null}},"18":{"start":{"line":193,"column":0},"end":{"line":193,"column":null}},"19":{"start":{"line":197,"column":0},"end":{"line":197,"column":null}},"20":{"start":{"line":198,"column":0},"end":{"line":198,"column":null}},"21":{"start":{"line":206,"column":0},"end":{"line":206,"column":null}},"22":{"start":{"line":211,"column":0},"end":{"line":211,"column":null}},"23":{"start":{"line":214,"column":0},"end":{"line":214,"column":null}},"24":{"start":{"line":215,"column":0},"end":{"line":215,"column":null}},"25":{"start":{"line":218,"column":0},"end":{"line":218,"column":null}},"26":{"start":{"line":221,"column":0},"end":{"line":221,"column":null}}},"fnMap":{"0":{"name":"(anonymous_1)","decl":{"start":{"line":80,"column":0},"end":{"line":80,"column":null}},"loc":{"start":{"line":80,"column":0},"end":{"line":138,"column":null}}},"1":{"name":"(anonymous_2)","decl":{"start":{"line":139,"column":0},"end":{"line":139,"column":null}},"loc":{"start":{"line":139,"column":0},"end":{"line":139,"column":null}}},"2":{"name":"(anonymous_3)","decl":{"start":{"line":143,"column":0},"end":{"line":143,"column":null}},"loc":{"start":{"line":143,"column":0},"end":{"line":145,"column":null}}},"3":{"name":"(anonymous_4)","decl":{"start":{"line":148,"column":0},"end":{"line":148,"column":null}},"loc":{"start":{"line":148,"column":0},"end":{"line":151,"column":null}}},"4":{"name":"(anonymous_5)","decl":{"start":{"line":152,"column":0},"end":{"line":152,"column":null}},"loc":{"start":{"line":152,"column":0},"end":{"line":188,"column":null}}},"5":{"name":"(anonymous_6)","decl":{"start":{"line":153,"column":0},"end":{"line":153,"column":null}},"loc":{"start":{"line":153,"column":0},"end":{"line":153,"column":null}}},"6":{"name":"(anonymous_7)","decl":{"start":{"line":189,"column":0},"end":{"line":189,"column":null}},"loc":{"start":{"line":189,"column":0},"end":{"line":191,"column":null}}},"7":{"name":"(anonymous_8)","decl":{"start":{"line":192,"column":0},"end":{"line":192,"column":null}},"loc":{"start":{"line":192,"column":0},"end":{"line":195,"column":null}}},"8":{"name":"(anonymous_9)","decl":{"start":{"line":196,"column":0},"end":{"line":196,"column":null}},"loc":{"start":{"line":196,"column":0},"end":{"line":204,"column":null}}},"9":{"name":"(anonymous_10)","decl":{"start":{"line":205,"column":0},"end":{"line":205,"column":null}},"loc":{"start":{"line":205,"column":0},"end":{"line":212,"column":null}}},"10":{"name":"(anonymous_11)","decl":{"start":{"line":213,"column":0},"end":{"line":213,"column":null}},"loc":{"start":{"line":213,"column":0},"end":{"line":216,"column":null}}},"11":{"name":"(anonymous_12)","decl":{"start":{"line":217,"column":0},"end":{"line":217,"column":null}},"loc":{"start":{"line":217,"column":0},"end":{"line":219,"column":null}}},"12":{"name":"(anonymous_13)","decl":{"start":{"line":220,"column":0},"end":{"line":220,"column":null}},"loc":{"start":{"line":220,"column":0},"end":{"line":222,"column":null}}}},"branchMap":{"0":{"loc":{"start":{"line":150,"column":0},"end":{"line":150,"column":null}},"type":"if","locations":[{"start":{"line":150,"column":0},"end":{"line":150,"column":null}},{"start":{"line":150,"column":0},"end":{"line":150,"column":null}}]},"1":{"loc":{"start":{"line":159,"column":0},"end":{"line":187,"column":null}},"type":"if","locations":[{"start":{"line":159,"column":0},"end":{"line":187,"column":null}},{"start":{"line":159,"column":0},"end":{"line":187,"column":null}}]},"2":{"loc":{"start":{"line":193,"column":0},"end":{"line":193,"column":null}},"type":"if","locations":[{"start":{"line":193,"column":0},"end":{"line":193,"column":null}},{"start":{"line":193,"column":0},"end":{"line":193,"column":null}}]},"3":{"loc":{"start":{"line":221,"column":0},"end":{"line":221,"column":null}},"type":"cond-expr","locations":[{"start":{"line":221,"column":0},"end":{"line":221,"column":null}},{"start":{"line":221,"column":0},"end":{"line":221,"column":null}}]}},"s":{"0":0,"1":0,"2":0,"3":0,"4":0,"5":0,"6":0,"7":0,"8":0,"9":0,"10":0,"11":0,"12":0,"13":0,"14":0,"15":0,"16":0,"17":0,"18":0,"19":0,"20":0,"21":0,"22":0,"23":0,"24":0,"25":0,"26":0},"f":{"0":0,"1":0,"2":0,"3":0,"4":0,"5":0,"6":0,"7":0,"8":0,"9":0,"10":0,"11":0,"12":0},"b":{"0":[0,0],"1":[0,0],"2":[0,0],"3":[0,0]}}
,"/Users/jennifertran/Code/OSS/covidcanidoit/src/components/CrowdingComponent.vue": {"path":"/Users/jennifertran/Code/OSS/covidcanidoit/src/components/CrowdingComponent.vue","statementMap":{"0":{"start":{"line":11,"column":0},"end":{"line":11,"column":null}},"1":{"start":{"line":16,"column":0},"end":{"line":16,"column":null}},"2":{"start":{"line":51,"column":0},"end":{"line":51,"column":null}},"3":{"start":{"line":52,"column":0},"end":{"line":52,"column":null}},"4":{"start":{"line":58,"column":0},"end":{"line":58,"column":null}}},"fnMap":{"0":{"name":"(anonymous_1)","decl":{"start":{"line":15,"column":0},"end":{"line":15,"column":null}},"loc":{"start":{"line":15,"column":0},"end":{"line":47,"column":null}}},"1":{"name":"(anonymous_2)","decl":{"start":{"line":50,"column":0},"end":{"line":50,"column":null}},"loc":{"start":{"line":50,"column":0},"end":{"line":59,"column":null}}}},"branchMap":{},"s":{"0":1,"1":2,"2":0,"3":0,"4":0},"f":{"0":2,"1":0},"b":{}}
,"/Users/jennifertran/Code/OSS/covidcanidoit/src/components/PopularTimesChart.vue": {"path":"/Users/jennifertran/Code/OSS/covidcanidoit/src/components/PopularTimesChart.vue","statementMap":{"0":{"start":{"line":12,"column":0},"end":{"line":12,"column":null}},"1":{"start":{"line":16,"column":0},"end":{"line":16,"column":null}},"2":{"start":{"line":17,"column":0},"end":{"line":17,"column":null}},"3":{"start":{"line":27,"column":0},"end":{"line":27,"column":null}},"4":{"start":{"line":79,"column":0},"end":{"line":79,"column":null}},"5":{"start":{"line":81,"column":0},"end":{"line":81,"column":null}},"6":{"start":{"line":82,"column":0},"end":{"line":82,"column":null}},"7":{"start":{"line":83,"column":0},"end":{"line":83,"column":null}},"8":{"start":{"line":84,"column":0},"end":{"line":84,"column":null}},"9":{"start":{"line":85,"column":0},"end":{"line":85,"column":null}},"10":{"start":{"line":86,"column":0},"end":{"line":86,"column":null}},"11":{"start":{"line":89,"column":0},"end":{"line":89,"column":null}},"12":{"start":{"line":93,"column":0},"end":{"line":93,"column":null}},"13":{"start":{"line":94,"column":0},"end":{"line":94,"column":null}},"14":{"start":{"line":95,"column":0},"end":{"line":95,"column":null}},"15":{"start":{"line":96,"column":0},"end":{"line":96,"column":null}},"16":{"start":{"line":97,"column":0},"end":{"line":97,"column":null}},"17":{"start":{"line":98,"column":0},"end":{"line":98,"column":null}},"18":{"start":{"line":99,"column":0},"end":{"line":99,"column":null}},"19":{"start":{"line":102,"column":0},"end":{"line":102,"column":null}},"20":{"start":{"line":118,"column":0},"end":{"line":118,"column":null}},"21":{"start":{"line":119,"column":0},"end":{"line":253,"column":null}},"22":{"start":{"line":121,"column":0},"end":{"line":121,"column":null}},"23":{"start":{"line":122,"column":0},"end":{"line":122,"column":null}},"24":{"start":{"line":124,"column":0},"end":{"line":124,"column":null}},"25":{"start":{"line":125,"column":0},"end":{"line":125,"column":null}},"26":{"start":{"line":127,"column":0},"end":{"line":127,"column":null}},"27":{"start":{"line":156,"column":0},"end":{"line":156,"column":null}},"28":{"start":{"line":158,"column":0},"end":{"line":158,"column":null}},"29":{"start":{"line":165,"column":0},"end":{"line":183,"column":null}},"30":{"start":{"line":166,"column":0},"end":{"line":166,"column":null}},"31":{"start":{"line":168,"column":0},"end":{"line":168,"column":null}},"32":{"start":{"line":169,"column":0},"end":{"line":169,"column":null}},"33":{"start":{"line":171,"column":0},"end":{"line":171,"column":null}},"34":{"start":{"line":172,"column":0},"end":{"line":172,"column":null}},"35":{"start":{"line":174,"column":0},"end":{"line":174,"column":null}},"36":{"start":{"line":175,"column":0},"end":{"line":175,"column":null}},"37":{"start":{"line":177,"column":0},"end":{"line":177,"column":null}},"38":{"start":{"line":178,"column":0},"end":{"line":178,"column":null}},"39":{"start":{"line":180,"column":0},"end":{"line":180,"column":null}},"40":{"start":{"line":182,"column":0},"end":{"line":182,"column":null}},"41":{"start":{"line":184,"column":0},"end":{"line":184,"column":null}},"42":{"start":{"line":185,"column":0},"end":{"line":185,"column":null}},"43":{"start":{"line":191,"column":0},"end":{"line":207,"column":null}},"44":{"start":{"line":192,"column":0},"end":{"line":192,"column":null}},"45":{"start":{"line":194,"column":0},"end":{"line":194,"column":null}},"46":{"start":{"line":206,"column":0},"end":{"line":206,"column":null}},"47":{"start":{"line":210,"column":0},"end":{"line":214,"column":null}},"48":{"start":{"line":211,"column":0},"end":{"line":211,"column":null}},"49":{"start":{"line":213,"column":0},"end":{"line":213,"column":null}},"50":{"start":{"line":221,"column":0},"end":{"line":221,"column":null}},"51":{"start":{"line":222,"column":0},"end":{"line":222,"column":null}},"52":{"start":{"line":223,"column":0},"end":{"line":223,"column":null}},"53":{"start":{"line":224,"column":0},"end":{"line":224,"column":null}},"54":{"start":{"line":225,"column":0},"end":{"line":225,"column":null}},"55":{"start":{"line":226,"column":0},"end":{"line":226,"column":null}},"56":{"start":{"line":227,"column":0},"end":{"line":251,"column":null}},"57":{"start":{"line":227,"column":0},"end":{"line":227,"column":null}},"58":{"start":{"line":228,"column":0},"end":{"line":228,"column":null}},"59":{"start":{"line":230,"column":0},"end":{"line":230,"column":null}},"60":{"start":{"line":232,"column":0},"end":{"line":232,"column":null}},"61":{"start":{"line":233,"column":0},"end":{"line":233,"column":null}},"62":{"start":{"line":235,"column":0},"end":{"line":235,"column":null}},"63":{"start":{"line":236,"column":0},"end":{"line":236,"column":null}},"64":{"start":{"line":238,"column":0},"end":{"line":238,"column":null}},"65":{"start":{"line":239,"column":0},"end":{"line":239,"column":null}},"66":{"start":{"line":241,"column":0},"end":{"line":241,"column":null}},"67":{"start":{"line":242,"column":0},"end":{"line":242,"column":null}},"68":{"start":{"line":244,"column":0},"end":{"line":244,"column":null}},"69":{"start":{"line":248,"column":0},"end":{"line":248,"column":null}},"70":{"start":{"line":249,"column":0},"end":{"line":249,"column":null}},"71":{"start":{"line":250,"column":0},"end":{"line":250,"column":null}},"72":{"start":{"line":252,"column":0},"end":{"line":252,"column":null}},"73":{"start":{"line":256,"column":0},"end":{"line":256,"column":null}},"74":{"start":{"line":258,"column":0},"end":{"line":258,"column":null}},"75":{"start":{"line":262,"column":0},"end":{"line":262,"column":null}},"76":{"start":{"line":278,"column":0},"end":{"line":278,"column":null}},"77":{"start":{"line":279,"column":0},"end":{"line":290,"column":null}},"78":{"start":{"line":280,"column":0},"end":{"line":289,"column":null}},"79":{"start":{"line":282,"column":0},"end":{"line":282,"column":null}},"80":{"start":{"line":283,"column":0},"end":{"line":285,"column":null}},"81":{"start":{"line":283,"column":0},"end":{"line":283,"column":null}},"82":{"start":{"line":284,"column":0},"end":{"line":284,"column":null}},"83":{"start":{"line":286,"column":0},"end":{"line":286,"column":null}},"84":{"start":{"line":288,"column":0},"end":{"line":288,"column":null}},"85":{"start":{"line":291,"column":0},"end":{"line":291,"column":null}}},"fnMap":{"0":{"name":"(anonymous_1)","decl":{"start":{"line":15,"column":0},"end":{"line":15,"column":null}},"loc":{"start":{"line":15,"column":0},"end":{"line":18,"column":null}}},"1":{"name":"(anonymous_2)","decl":{"start":{"line":26,"column":0},"end":{"line":26,"column":null}},"loc":{"start":{"line":26,"column":0},"end":{"line":77,"column":null}}},"2":{"name":"(anonymous_3)","decl":{"start":{"line":78,"column":0},"end":{"line":78,"column":null}},"loc":{"start":{"line":78,"column":0},"end":{"line":90,"column":null}}},"3":{"name":"(anonymous_4)","decl":{"start":{"line":92,"column":0},"end":{"line":92,"column":null}},"loc":{"start":{"line":92,"column":0},"end":{"line":100,"column":null}}},"4":{"name":"(anonymous_5)","decl":{"start":{"line":101,"column":0},"end":{"line":101,"column":null}},"loc":{"start":{"line":101,"column":0},"end":{"line":114,"column":null}}},"5":{"name":"(anonymous_6)","decl":{"start":{"line":115,"column":0},"end":{"line":115,"column":null}},"loc":{"start":{"line":115,"column":0},"end":{"line":254,"column":null}}},"6":{"name":"(anonymous_7)","decl":{"start":{"line":155,"column":0},"end":{"line":155,"column":null}},"loc":{"start":{"line":155,"column":0},"end":{"line":186,"column":null}}},"7":{"name":"(anonymous_8)","decl":{"start":{"line":189,"column":0},"end":{"line":189,"column":null}},"loc":{"start":{"line":189,"column":0},"end":{"line":208,"column":null}}},"8":{"name":"(anonymous_9)","decl":{"start":{"line":209,"column":0},"end":{"line":209,"column":null}},"loc":{"start":{"line":209,"column":0},"end":{"line":216,"column":null}}},"9":{"name":"(anonymous_10)","decl":{"start":{"line":255,"column":0},"end":{"line":255,"column":null}},"loc":{"start":{"line":255,"column":0},"end":{"line":273,"column":null}}},"10":{"name":"(anonymous_11)","decl":{"start":{"line":276,"column":0},"end":{"line":276,"column":null}},"loc":{"start":{"line":276,"column":0},"end":{"line":292,"column":null}}},"11":{"name":"(anonymous_12)","decl":{"start":{"line":280,"column":0},"end":{"line":280,"column":null}},"loc":{"start":{"line":280,"column":0},"end":{"line":289,"column":null}}}},"branchMap":{"0":{"loc":{"start":{"line":119,"column":0},"end":{"line":253,"column":null}},"type":"if","locations":[{"start":{"line":119,"column":0},"end":{"line":253,"column":null}},{"start":{"line":119,"column":0},"end":{"line":253,"column":null}}]},"1":{"loc":{"start":{"line":156,"column":0},"end":{"line":156,"column":null}},"type":"binary-expr","locations":[{"start":{"line":156,"column":0},"end":{"line":156,"column":null}},{"start":{"line":156,"column":0},"end":{"line":156,"column":null}}]},"2":{"loc":{"start":{"line":165,"column":0},"end":{"line":183,"column":null}},"type":"if","locations":[{"start":{"line":165,"column":0},"end":{"line":183,"column":null}},{"start":{"line":165,"column":0},"end":{"line":183,"column":null}}]},"3":{"loc":{"start":{"line":167,"column":0},"end":{"line":169,"column":null}},"type":"switch","locations":[{"start":{"line":167,"column":0},"end":{"line":169,"column":null}},{"start":{"line":170,"column":0},"end":{"line":172,"column":null}},{"start":{"line":173,"column":0},"end":{"line":175,"column":null}},{"start":{"line":176,"column":0},"end":{"line":178,"column":null}},{"start":{"line":179,"column":0},"end":{"line":180,"column":null}}]},"4":{"loc":{"start":{"line":191,"column":0},"end":{"line":207,"column":null}},"type":"if","locations":[{"start":{"line":191,"column":0},"end":{"line":207,"column":null}},{"start":{"line":191,"column":0},"end":{"line":207,"column":null}}]},"5":{"loc":{"start":{"line":210,"column":0},"end":{"line":214,"column":null}},"type":"if","locations":[{"start":{"line":210,"column":0},"end":{"line":214,"column":null}},{"start":{"line":210,"column":0},"end":{"line":214,"column":null}}]},"6":{"loc":{"start":{"line":231,"column":0},"end":{"line":233,"column":null}},"type":"switch","locations":[{"start":{"line":231,"column":0},"end":{"line":233,"column":null}},{"start":{"line":234,"column":0},"end":{"line":236,"column":null}},{"start":{"line":237,"column":0},"end":{"line":239,"column":null}},{"start":{"line":240,"column":0},"end":{"line":242,"column":null}},{"start":{"line":243,"column":0},"end":{"line":244,"column":null}}]},"7":{"loc":{"start":{"line":279,"column":0},"end":{"line":290,"column":null}},"type":"if","locations":[{"start":{"line":279,"column":0},"end":{"line":290,"column":null}},{"start":{"line":279,"column":0},"end":{"line":290,"column":null}}]}},"s":{"0":1,"1":0,"2":0,"3":0,"4":0,"5":0,"6":0,"7":0,"8":0,"9":0,"10":0,"11":0,"12":0,"13":0,"14":0,"15":0,"16":0,"17":0,"18":0,"19":0,"20":0,"21":0,"22":0,"23":0,"24":0,"25":0,"26":0,"27":0,"28":0,"29":0,"30":0,"31":0,"32":0,"33":0,"34":0,"35":0,"36":0,"37":0,"38":0,"39":0,"40":0,"41":0,"42":0,"43":0,"44":0,"45":0,"46":0,"47":0,"48":0,"49":0,"50":0,"51":0,"52":0,"53":0,"54":0,"55":0,"56":0,"57":0,"58":0,"59":0,"60":0,"61":0,"62":0,"63":0,"64":0,"65":0,"66":0,"67":0,"68":0,"69":0,"70":0,"71":0,"72":0,"73":0,"74":0,"75":0,"76":0,"77":0,"78":0,"79":0,"80":0,"81":0,"82":0,"83":0,"84":0,"85":0},"f":{"0":0,"1":0,"2":0,"3":0,"4":0,"5":0,"6":0,"7":0,"8":0,"9":0,"10":0,"11":0},"b":{"0":[0,0],"1":[0,0],"2":[0,0],"3":[0,0,0,0,0],"4":[0,0],"5":[0,0],"6":[0,0,0,0,0],"7":[0,0]}}
,"/Users/jennifertran/Code/OSS/covidcanidoit/src/components/ProfileCreate.vue": {"path":"/Users/jennifertran/Code/OSS/covidcanidoit/src/components/ProfileCreate.vue","statementMap":{"0":{"start":{"line":162,"column":0},"end":{"line":162,"column":null}},"1":{"start":{"line":170,"column":0},"end":{"line":170,"column":null}},"2":{"start":{"line":184,"column":0},"end":{"line":184,"column":null}},"3":{"start":{"line":188,"column":0},"end":{"line":188,"column":null}},"4":{"start":{"line":189,"column":0},"end":{"line":189,"column":null}}},"fnMap":{"0":{"name":"(anonymous_1)","decl":{"start":{"line":169,"column":0},"end":{"line":169,"column":null}},"loc":{"start":{"line":169,"column":0},"end":{"line":182,"column":null}}},"1":{"name":"(anonymous_2)","decl":{"start":{"line":183,"column":0},"end":{"line":183,"column":null}},"loc":{"start":{"line":183,"column":0},"end":{"line":185,"column":null}}},"2":{"name":"(anonymous_3)","decl":{"start":{"line":187,"column":0},"end":{"line":187,"column":null}},"loc":{"start":{"line":187,"column":0},"end":{"line":190,"column":null}}}},"branchMap":{},"s":{"0":0,"1":0,"2":0,"3":0,"4":0},"f":{"0":0,"1":0,"2":0},"b":{}}
,"/Users/jennifertran/Code/OSS/covidcanidoit/src/components/RiskDescription.vue": {"path":"/Users/jennifertran/Code/OSS/covidcanidoit/src/components/RiskDescription.vue","statementMap":{"0":{"start":{"line":79,"column":0},"end":{"line":79,"column":null}},"1":{"start":{"line":80,"column":0},"end":{"line":80,"column":null}},"2":{"start":{"line":81,"column":0},"end":{"line":81,"column":null}},"3":{"start":{"line":82,"column":0},"end":{"line":82,"column":null}},"4":{"start":{"line":83,"column":0},"end":{"line":83,"column":null}},"5":{"start":{"line":85,"column":0},"end":{"line":85,"column":null}},"6":{"start":{"line":100,"column":0},"end":{"line":100,"column":null}},"7":{"start":{"line":113,"column":0},"end":{"line":113,"column":null}},"8":{"start":{"line":116,"column":0},"end":{"line":116,"column":null}},"9":{"start":{"line":120,"column":0},"end":{"line":120,"column":null}},"10":{"start":{"line":121,"column":0},"end":{"line":121,"column":null}},"11":{"start":{"line":122,"column":0},"end":{"line":128,"column":null}},"12":{"start":{"line":122,"column":0},"end":{"line":122,"column":null}},"13":{"start":{"line":123,"column":0},"end":{"line":123,"column":null}},"14":{"start":{"line":124,"column":0},"end":{"line":124,"column":null}},"15":{"start":{"line":129,"column":0},"end":{"line":129,"column":null}},"16":{"start":{"line":134,"column":0},"end":{"line":134,"column":null}},"17":{"start":{"line":137,"column":0},"end":{"line":137,"column":null}},"18":{"start":{"line":138,"column":0},"end":{"line":138,"column":null}},"19":{"start":{"line":139,"column":0},"end":{"line":158,"column":null}},"20":{"start":{"line":140,"column":0},"end":{"line":142,"column":null}},"21":{"start":{"line":150,"column":0},"end":{"line":150,"column":null}},"22":{"start":{"line":152,"column":0},"end":{"line":152,"column":null}},"23":{"start":{"line":153,"column":0},"end":{"line":153,"column":null}},"24":{"start":{"line":154,"column":0},"end":{"line":154,"column":null}},"25":{"start":{"line":156,"column":0},"end":{"line":156,"column":null}},"26":{"start":{"line":157,"column":0},"end":{"line":157,"column":null}},"27":{"start":{"line":161,"column":0},"end":{"line":161,"column":null}},"28":{"start":{"line":162,"column":0},"end":{"line":162,"column":null}},"29":{"start":{"line":163,"column":0},"end":{"line":163,"column":null}}},"fnMap":{"0":{"name":"(anonymous_1)","decl":{"start":{"line":99,"column":0},"end":{"line":99,"column":null}},"loc":{"start":{"line":99,"column":0},"end":{"line":109,"column":null}}},"1":{"name":"(anonymous_2)","decl":{"start":{"line":112,"column":0},"end":{"line":112,"column":null}},"loc":{"start":{"line":112,"column":0},"end":{"line":114,"column":null}}},"2":{"name":"(anonymous_3)","decl":{"start":{"line":115,"column":0},"end":{"line":115,"column":null}},"loc":{"start":{"line":115,"column":0},"end":{"line":130,"column":null}}},"3":{"name":"(anonymous_4)","decl":{"start":{"line":116,"column":0},"end":{"line":116,"column":null}},"loc":{"start":{"line":116,"column":0},"end":{"line":116,"column":null}}},"4":{"name":"(anonymous_5)","decl":{"start":{"line":133,"column":0},"end":{"line":133,"column":null}},"loc":{"start":{"line":133,"column":0},"end":{"line":135,"column":null}}},"5":{"name":"(anonymous_6)","decl":{"start":{"line":136,"column":0},"end":{"line":136,"column":null}},"loc":{"start":{"line":136,"column":0},"end":{"line":159,"column":null}}},"6":{"name":"(anonymous_7)","decl":{"start":{"line":160,"column":0},"end":{"line":160,"column":null}},"loc":{"start":{"line":160,"column":0},"end":{"line":164,"column":null}}}},"branchMap":{"0":{"loc":{"start":{"line":124,"column":0},"end":{"line":124,"column":null}},"type":"if","locations":[{"start":{"line":124,"column":0},"end":{"line":124,"column":null}},{"start":{"line":124,"column":0},"end":{"line":124,"column":null}}]}},"s":{"0":0,"1":0,"2":0,"3":0,"4":0,"5":0,"6":0,"7":0,"8":0,"9":0,"10":0,"11":0,"12":0,"13":0,"14":0,"15":0,"16":0,"17":0,"18":0,"19":0,"20":0,"21":0,"22":0,"23":0,"24":0,"25":0,"26":0,"27":0,"28":0,"29":0},"f":{"0":0,"1":0,"2":0,"3":0,"4":0,"5":0,"6":0},"b":{"0":[0,0]}}
,"/Users/jennifertran/Code/OSS/covidcanidoit/src/components/SearchBar.vue": {"path":"/Users/jennifertran/Code/OSS/covidcanidoit/src/components/SearchBar.vue","statementMap":{"0":{"start":{"line":29,"column":0},"end":{"line":29,"column":null}},"1":{"start":{"line":30,"column":0},"end":{"line":30,"column":null}},"2":{"start":{"line":43,"column":0},"end":{"line":43,"column":null}},"3":{"start":{"line":51,"column":0},"end":{"line":54,"column":null}},"4":{"start":{"line":52,"column":0},"end":{"line":52,"column":null}},"5":{"start":{"line":53,"column":0},"end":{"line":53,"column":null}},"6":{"start":{"line":55,"column":0},"end":{"line":55,"column":null}},"7":{"start":{"line":56,"column":0},"end":{"line":56,"column":null}},"8":{"start":{"line":59,"column":0},"end":{"line":59,"column":null}},"9":{"start":{"line":60,"column":0},"end":{"line":60,"column":null}},"10":{"start":{"line":63,"column":0},"end":{"line":63,"column":null}},"11":{"start":{"line":66,"column":0},"end":{"line":66,"column":null}},"12":{"start":{"line":69,"column":0},"end":{"line":69,"column":null}},"13":{"start":{"line":70,"column":0},"end":{"line":70,"column":null}},"14":{"start":{"line":75,"column":0},"end":{"line":75,"column":null}},"15":{"start":{"line":84,"column":0},"end":{"line":84,"column":null}},"16":{"start":{"line":85,"column":0},"end":{"line":85,"column":null}},"17":{"start":{"line":87,"column":0},"end":{"line":87,"column":null}},"18":{"start":{"line":90,"column":0},"end":{"line":90,"column":null}},"19":{"start":{"line":93,"column":0},"end":{"line":93,"column":null}},"20":{"start":{"line":98,"column":0},"end":{"line":98,"column":null}},"21":{"start":{"line":102,"column":0},"end":{"line":105,"column":null}},"22":{"start":{"line":103,"column":0},"end":{"line":103,"column":null}},"23":{"start":{"line":104,"column":0},"end":{"line":104,"column":null}}},"fnMap":{"0":{"name":"(anonymous_1)","decl":{"start":{"line":42,"column":0},"end":{"line":42,"column":null}},"loc":{"start":{"line":42,"column":0},"end":{"line":48,"column":null}}},"1":{"name":"(anonymous_2)","decl":{"start":{"line":50,"column":0},"end":{"line":50,"column":null}},"loc":{"start":{"line":50,"column":0},"end":{"line":57,"column":null}}},"2":{"name":"(anonymous_3)","decl":{"start":{"line":58,"column":0},"end":{"line":58,"column":null}},"loc":{"start":{"line":58,"column":0},"end":{"line":61,"column":null}}},"3":{"name":"(anonymous_4)","decl":{"start":{"line":62,"column":0},"end":{"line":62,"column":null}},"loc":{"start":{"line":62,"column":0},"end":{"line":64,"column":null}}},"4":{"name":"(anonymous_5)","decl":{"start":{"line":65,"column":0},"end":{"line":65,"column":null}},"loc":{"start":{"line":65,"column":0},"end":{"line":67,"column":null}}},"5":{"name":"(anonymous_6)","decl":{"start":{"line":68,"column":0},"end":{"line":68,"column":null}},"loc":{"start":{"line":68,"column":0},"end":{"line":71,"column":null}}},"6":{"name":"(anonymous_7)","decl":{"start":{"line":74,"column":0},"end":{"line":74,"column":null}},"loc":{"start":{"line":74,"column":0},"end":{"line":88,"column":null}}},"7":{"name":"(anonymous_8)","decl":{"start":{"line":87,"column":0},"end":{"line":87,"column":null}},"loc":{"start":{"line":87,"column":0},"end":{"line":87,"column":null}}},"8":{"name":"(anonymous_9)","decl":{"start":{"line":89,"column":0},"end":{"line":89,"column":null}},"loc":{"start":{"line":89,"column":0},"end":{"line":91,"column":null}}},"9":{"name":"(anonymous_10)","decl":{"start":{"line":92,"column":0},"end":{"line":92,"column":null}},"loc":{"start":{"line":92,"column":0},"end":{"line":94,"column":null}}},"10":{"name":"(anonymous_11)","decl":{"start":{"line":97,"column":0},"end":{"line":97,"column":null}},"loc":{"start":{"line":97,"column":0},"end":{"line":99,"column":null}}},"11":{"name":"(anonymous_12)","decl":{"start":{"line":101,"column":0},"end":{"line":101,"column":null}},"loc":{"start":{"line":101,"column":0},"end":{"line":106,"column":null}}}},"branchMap":{"0":{"loc":{"start":{"line":51,"column":0},"end":{"line":54,"column":null}},"type":"if","locations":[{"start":{"line":51,"column":0},"end":{"line":54,"column":null}},{"start":{"line":51,"column":0},"end":{"line":54,"column":null}}]},"1":{"loc":{"start":{"line":102,"column":0},"end":{"line":105,"column":null}},"type":"if","locations":[{"start":{"line":102,"column":0},"end":{"line":105,"column":null}},{"start":{"line":102,"column":0},"end":{"line":105,"column":null}}]}},"s":{"0":0,"1":0,"2":0,"3":0,"4":0,"5":0,"6":0,"7":0,"8":0,"9":0,"10":0,"11":0,"12":0,"13":0,"14":0,"15":0,"16":0,"17":0,"18":0,"19":0,"20":0,"21":0,"22":0,"23":0},"f":{"0":0,"1":0,"2":0,"3":0,"4":0,"5":0,"6":0,"7":0,"8":0,"9":0,"10":0,"11":0},"b":{"0":[0,0],"1":[0,0]}}
,"/Users/jennifertran/Code/OSS/covidcanidoit/src/components/SearchResults.vue": {"path":"/Users/jennifertran/Code/OSS/covidcanidoit/src/components/SearchResults.vue","statementMap":{"0":{"start":{"line":66,"column":0},"end":{"line":66,"column":null}},"1":{"start":{"line":67,"column":0},"end":{"line":67,"column":null}},"2":{"start":{"line":68,"column":0},"end":{"line":68,"column":null}},"3":{"start":{"line":80,"column":0},"end":{"line":80,"column":null}},"4":{"start":{"line":85,"column":0},"end":{"line":85,"column":null}},"5":{"start":{"line":88,"column":0},"end":{"line":92,"column":null}},"6":{"start":{"line":89,"column":0},"end":{"line":89,"column":null}},"7":{"start":{"line":91,"column":0},"end":{"line":91,"column":null}},"8":{"start":{"line":95,"column":0},"end":{"line":95,"column":null}},"9":{"start":{"line":98,"column":0},"end":{"line":102,"column":null}},"10":{"start":{"line":99,"column":0},"end":{"line":99,"column":null}},"11":{"start":{"line":100,"column":0},"end":{"line":100,"column":null}},"12":{"start":{"line":101,"column":0},"end":{"line":101,"column":null}}},"fnMap":{"0":{"name":"(anonymous_1)","decl":{"start":{"line":79,"column":0},"end":{"line":79,"column":null}},"loc":{"start":{"line":79,"column":0},"end":{"line":81,"column":null}}},"1":{"name":"(anonymous_2)","decl":{"start":{"line":84,"column":0},"end":{"line":84,"column":null}},"loc":{"start":{"line":84,"column":0},"end":{"line":86,"column":null}}},"2":{"name":"(anonymous_3)","decl":{"start":{"line":87,"column":0},"end":{"line":87,"column":null}},"loc":{"start":{"line":87,"column":0},"end":{"line":93,"column":null}}},"3":{"name":"(anonymous_4)","decl":{"start":{"line":94,"column":0},"end":{"line":94,"column":null}},"loc":{"start":{"line":94,"column":0},"end":{"line":96,"column":null}}},"4":{"name":"(anonymous_5)","decl":{"start":{"line":97,"column":0},"end":{"line":97,"column":null}},"loc":{"start":{"line":97,"column":0},"end":{"line":103,"column":null}}},"5":{"name":"(anonymous_6)","decl":{"start":{"line":98,"column":0},"end":{"line":98,"column":null}},"loc":{"start":{"line":98,"column":0},"end":{"line":102,"column":null}}}},"branchMap":{"0":{"loc":{"start":{"line":85,"column":0},"end":{"line":85,"column":null}},"type":"binary-expr","locations":[{"start":{"line":85,"column":0},"end":{"line":85,"column":null}},{"start":{"line":85,"column":0},"end":{"line":85,"column":null}}]},"1":{"loc":{"start":{"line":88,"column":0},"end":{"line":92,"column":null}},"type":"if","locations":[{"start":{"line":88,"column":0},"end":{"line":92,"column":null}},{"start":{"line":88,"column":0},"end":{"line":92,"column":null}}]},"2":{"loc":{"start":{"line":88,"column":0},"end":{"line":88,"column":null}},"type":"binary-expr","locations":[{"start":{"line":88,"column":0},"end":{"line":88,"column":null}},{"start":{"line":88,"column":0},"end":{"line":88,"column":null}}]}},"s":{"0":0,"1":0,"2":0,"3":0,"4":0,"5":0,"6":0,"7":0,"8":0,"9":0,"10":0,"11":0,"12":0},"f":{"0":0,"1":0,"2":0,"3":0,"4":0,"5":0},"b":{"0":[0,0],"1":[0,0],"2":[0,0]}}
,"/Users/jennifertran/Code/OSS/covidcanidoit/src/components/ThanksForSuggesting.vue": {"path":"/Users/jennifertran/Code/OSS/covidcanidoit/src/components/ThanksForSuggesting.vue","statementMap":{"0":{"start":{"line":10,"column":0},"end":{"line":10,"column":null}},"1":{"start":{"line":11,"column":0},"end":{"line":11,"column":null}},"2":{"start":{"line":21,"column":0},"end":{"line":21,"column":null}},"3":{"start":{"line":30,"column":0},"end":{"line":30,"column":null}},"4":{"start":{"line":31,"column":0},"end":{"line":31,"column":null}},"5":{"start":{"line":32,"column":0},"end":{"line":32,"column":null}},"6":{"start":{"line":34,"column":0},"end":{"line":34,"column":null}},"7":{"start":{"line":46,"column":0},"end":{"line":46,"column":null}}},"fnMap":{"0":{"name":"(anonymous_1)","decl":{"start":{"line":19,"column":0},"end":{"line":19,"column":null}},"loc":{"start":{"line":19,"column":0},"end":{"line":28,"column":null}}},"1":{"name":"(anonymous_2)","decl":{"start":{"line":29,"column":0},"end":{"line":29,"column":null}},"loc":{"start":{"line":29,"column":0},"end":{"line":40,"column":null}}},"2":{"name":"(anonymous_3)","decl":{"start":{"line":45,"column":0},"end":{"line":45,"column":null}},"loc":{"start":{"line":45,"column":0},"end":{"line":47,"column":null}}}},"branchMap":{"0":{"loc":{"start":{"line":30,"column":0},"end":{"line":30,"column":null}},"type":"if","locations":[{"start":{"line":30,"column":0},"end":{"line":30,"column":null}},{"start":{"line":30,"column":0},"end":{"line":30,"column":null}}]}},"s":{"0":0,"1":0,"2":0,"3":0,"4":0,"5":0,"6":0,"7":0},"f":{"0":0,"1":0,"2":0},"b":{"0":[0,0]}}
}
