TN:
SF:/Users/jennifertran/Code/OSS/covidcanidoit/src/components/AdminActivityTable.vue
FN:80,(anonymous_1)
FN:139,(anonymous_2)
FN:143,(anonymous_3)
FN:148,(anonymous_4)
FN:152,(anonymous_5)
FN:153,(anonymous_6)
FN:189,(anonymous_7)
FN:192,(anonymous_8)
FN:196,(anonymous_9)
FN:205,(anonymous_10)
FN:213,(anonymous_11)
FN:217,(anonymous_12)
FN:220,(anonymous_13)
FNF:13
FNH:0
FNDA:0,(anonymous_1)
FNDA:0,(anonymous_2)
FNDA:0,(anonymous_3)
FNDA:0,(anonymous_4)
FNDA:0,(anonymous_5)
FNDA:0,(anonymous_6)
FNDA:0,(anonymous_7)
FNDA:0,(anonymous_8)
FNDA:0,(anonymous_9)
FNDA:0,(anonymous_10)
FNDA:0,(anonymous_11)
FNDA:0,(anonymous_12)
FNDA:0,(anonymous_13)
DA:72,0
DA:73,0
DA:81,0
DA:144,0
DA:149,0
DA:150,0
DA:153,0
DA:158,0
DA:159,0
DA:160,0
DA:162,0
DA:163,0
DA:164,0
DA:165,0
DA:171,0
DA:177,0
DA:183,0
DA:190,0
DA:193,0
DA:197,0
DA:198,0
DA:206,0
DA:211,0
DA:214,0
DA:215,0
DA:218,0
DA:221,0
LF:27
LH:0
BRDA:150,0,0,0
BRDA:150,0,1,0
BRDA:159,1,0,0
BRDA:159,1,1,0
BRDA:193,2,0,0
BRDA:193,2,1,0
BRDA:221,3,0,0
BRDA:221,3,1,0
BRF:8
BRH:0
end_of_record
TN:
SF:/Users/jennifertran/Code/OSS/covidcanidoit/src/components/CrowdingComponent.vue
FN:15,(anonymous_1)
FN:50,(anonymous_2)
FNF:2
FNH:1
FNDA:2,(anonymous_1)
FNDA:0,(anonymous_2)
DA:11,1
DA:16,2
DA:51,0
DA:52,0
DA:58,0
LF:5
LH:2
BRF:0
BRH:0
end_of_record
TN:
SF:/Users/jennifertran/Code/OSS/covidcanidoit/src/components/PopularTimesChart.vue
FN:15,(anonymous_1)
FN:26,(anonymous_2)
FN:78,(anonymous_3)
FN:92,(anonymous_4)
FN:101,(anonymous_5)
FN:115,(anonymous_6)
FN:155,(anonymous_7)
FN:189,(anonymous_8)
FN:209,(anonymous_9)
FN:255,(anonymous_10)
FN:276,(anonymous_11)
FN:280,(anonymous_12)
FNF:12
FNH:0
FNDA:0,(anonymous_1)
FNDA:0,(anonymous_2)
FNDA:0,(anonymous_3)
FNDA:0,(anonymous_4)
FNDA:0,(anonymous_5)
FNDA:0,(anonymous_6)
FNDA:0,(anonymous_7)
FNDA:0,(anonymous_8)
FNDA:0,(anonymous_9)
FNDA:0,(anonymous_10)
FNDA:0,(anonymous_11)
FNDA:0,(anonymous_12)
DA:12,1
DA:16,0
DA:17,0
DA:27,0
DA:79,0
DA:81,0
DA:82,0
DA:83,0
DA:84,0
DA:85,0
DA:86,0
DA:89,0
DA:93,0
DA:94,0
DA:95,0
DA:96,0
DA:97,0
DA:98,0
DA:99,0
DA:102,0
DA:118,0
DA:119,0
DA:121,0
DA:122,0
DA:124,0
DA:125,0
DA:127,0
DA:156,0
DA:158,0
DA:165,0
DA:166,0
DA:168,0
DA:169,0
DA:171,0
DA:172,0
DA:174,0
DA:175,0
DA:177,0
DA:178,0
DA:180,0
DA:182,0
DA:184,0
DA:185,0
DA:191,0
DA:192,0
DA:194,0
DA:206,0
DA:210,0
DA:211,0
DA:213,0
DA:221,0
DA:222,0
DA:223,0
DA:224,0
DA:225,0
DA:226,0
DA:227,0
DA:228,0
DA:230,0
DA:232,0
DA:233,0
DA:235,0
DA:236,0
DA:238,0
DA:239,0
DA:241,0
DA:242,0
DA:244,0
DA:248,0
DA:249,0
DA:250,0
DA:252,0
DA:256,0
DA:258,0
DA:262,0
DA:278,0
DA:279,0
DA:280,0
DA:282,0
DA:283,0
DA:284,0
DA:286,0
DA:288,0
DA:291,0
LF:84
LH:1
BRDA:119,0,0,0
BRDA:119,0,1,0
BRDA:156,1,0,0
BRDA:156,1,1,0
BRDA:165,2,0,0
BRDA:165,2,1,0
BRDA:167,3,0,0
BRDA:167,3,1,0
BRDA:167,3,2,0
BRDA:167,3,3,0
BRDA:167,3,4,0
BRDA:191,4,0,0
BRDA:191,4,1,0
BRDA:210,5,0,0
BRDA:210,5,1,0
BRDA:231,6,0,0
BRDA:231,6,1,0
BRDA:231,6,2,0
BRDA:231,6,3,0
BRDA:231,6,4,0
BRDA:279,7,0,0
BRDA:279,7,1,0
BRF:22
BRH:0
end_of_record
TN:
SF:/Users/jennifertran/Code/OSS/covidcanidoit/src/components/ProfileCreate.vue
FN:169,(anonymous_1)
FN:183,(anonymous_2)
FN:187,(anonymous_3)
FNF:3
FNH:0
FNDA:0,(anonymous_1)
FNDA:0,(anonymous_2)
FNDA:0,(anonymous_3)
DA:162,0
DA:170,0
DA:184,0
DA:188,0
DA:189,0
LF:5
LH:0
BRF:0
BRH:0
end_of_record
TN:
SF:/Users/jennifertran/Code/OSS/covidcanidoit/src/components/RiskDescription.vue
FN:99,(anonymous_1)
FN:112,(anonymous_2)
FN:115,(anonymous_3)
FN:116,(anonymous_4)
FN:133,(anonymous_5)
FN:136,(anonymous_6)
FN:160,(anonymous_7)
FNF:7
FNH:0
FNDA:0,(anonymous_1)
FNDA:0,(anonymous_2)
FNDA:0,(anonymous_3)
FNDA:0,(anonymous_4)
FNDA:0,(anonymous_5)
FNDA:0,(anonymous_6)
FNDA:0,(anonymous_7)
DA:79,0
DA:80,0
DA:81,0
DA:82,0
DA:83,0
DA:85,0
DA:100,0
DA:113,0
DA:116,0
DA:120,0
DA:121,0
DA:122,0
DA:123,0
DA:124,0
DA:129,0
DA:134,0
DA:137,0
DA:138,0
DA:139,0
DA:140,0
DA:150,0
DA:152,0
DA:153,0
DA:154,0
DA:156,0
DA:157,0
DA:161,0
DA:162,0
DA:163,0
LF:29
LH:0
BRDA:124,0,0,0
BRDA:124,0,1,0
BRF:2
BRH:0
end_of_record
TN:
SF:/Users/jennifertran/Code/OSS/covidcanidoit/src/components/SearchBar.vue
FN:42,(anonymous_1)
FN:50,(anonymous_2)
FN:58,(anonymous_3)
FN:62,(anonymous_4)
FN:65,(anonymous_5)
FN:68,(anonymous_6)
FN:74,(anonymous_7)
FN:87,(anonymous_8)
FN:89,(anonymous_9)
FN:92,(anonymous_10)
FN:97,(anonymous_11)
FN:101,(anonymous_12)
FNF:12
FNH:0
FNDA:0,(anonymous_1)
FNDA:0,(anonymous_2)
FNDA:0,(anonymous_3)
FNDA:0,(anonymous_4)
FNDA:0,(anonymous_5)
FNDA:0,(anonymous_6)
FNDA:0,(anonymous_7)
FNDA:0,(anonymous_8)
FNDA:0,(anonymous_9)
FNDA:0,(anonymous_10)
FNDA:0,(anonymous_11)
FNDA:0,(anonymous_12)
DA:29,0
DA:30,0
DA:43,0
DA:51,0
DA:52,0
DA:53,0
DA:55,0
DA:56,0
DA:59,0
DA:60,0
DA:63,0
DA:66,0
DA:69,0
DA:70,0
DA:75,0
DA:84,0
DA:85,0
DA:87,0
DA:90,0
DA:93,0
DA:98,0
DA:102,0
DA:103,0
DA:104,0
LF:24
LH:0
BRDA:51,0,0,0
BRDA:51,0,1,0
BRDA:102,1,0,0
BRDA:102,1,1,0
BRF:4
BRH:0
end_of_record
TN:
SF:/Users/jennifertran/Code/OSS/covidcanidoit/src/components/SearchResults.vue
FN:79,(anonymous_1)
FN:84,(anonymous_2)
FN:87,(anonymous_3)
FN:94,(anonymous_4)
FN:97,(anonymous_5)
FN:98,(anonymous_6)
FNF:6
FNH:0
FNDA:0,(anonymous_1)
FNDA:0,(anonymous_2)
FNDA:0,(anonymous_3)
FNDA:0,(anonymous_4)
FNDA:0,(anonymous_5)
FNDA:0,(anonymous_6)
DA:66,0
DA:67,0
DA:68,0
DA:80,0
DA:85,0
DA:88,0
DA:89,0
DA:91,0
DA:95,0
DA:98,0
DA:99,0
DA:100,0
DA:101,0
LF:13
LH:0
BRDA:85,0,0,0
BRDA:85,0,1,0
BRDA:88,1,0,0
BRDA:88,1,1,0
BRDA:88,2,0,0
BRDA:88,2,1,0
BRF:6
BRH:0
end_of_record
TN:
SF:/Users/jennifertran/Code/OSS/covidcanidoit/src/components/ThanksForSuggesting.vue
FN:19,(anonymous_1)
FN:29,(anonymous_2)
FN:45,(anonymous_3)
FNF:3
FNH:0
FNDA:0,(anonymous_1)
FNDA:0,(anonymous_2)
FNDA:0,(anonymous_3)
DA:10,0
DA:11,0
DA:21,0
DA:30,0
DA:31,0
DA:32,0
DA:34,0
DA:46,0
LF:8
LH:0
BRDA:30,0,0,0
BRDA:30,0,1,0
BRF:2
BRH:0
end_of_record
